<?xml version="1.0" encoding="UTF-8"?>
<testsuite xmlns:xsi="http://www.w3.org/2001/XMLSchema-instance" xsi:noNamespaceSchemaLocation="https://maven.apache.org/surefire/maven-surefire-plugin/xsd/surefire-test-report-3.0.xsd" version="3.0" name="com.example.taskmanager.unit.TaskRepositoryTest" time="2.579" tests="7" errors="0" skipped="0" failures="0">
  <properties>
[...]
</properties>
  <testcase name="existsByTitleIgnoreCase_shouldReturnTrueWhenExists" classname="com.example.taskmanager.unit.TaskRepositoryTest" time="1.002">
    <system-out><![CDATA[2025-11-27T17:02:22.625+01:00  INFO 26032 --- [           main] t.c.s.AnnotationConfigContextLoaderUtils : Could not detect default configuration classes for test class [com.example.taskmanager.unit.TaskRepositoryTest]: TaskRepositoryTest does not declare any static, non-private, non-final, nested classes annotated with @Configuration.
2025-11-27T17:02:22.735+01:00  INFO 26032 --- [           main] .b.t.c.SpringBootTestContextBootstrapper : Found @SpringBootConfiguration com.example.taskmanager.TaskManagerApplication for test class com.example.taskmanager.unit.TaskRepositoryTest

  .   ____          _            __ _ _
 /\\ / ___'_ __ _ _(_)_ __  __ _ \ \ \ \
( ( )\___ | '_ | '_| | '_ \/ _` | \ \ \ \
 \\/  ___)| |_)| | | | | || (_| |  ) ) ) )
  '  |____| .__|_| |_|_| |_\__, | / / / /
 =========|_|==============|___/=/_/_/_/
 :: Spring Boot ::                (v3.2.0)

2025-11-27T17:02:22.814+01:00  INFO 26032 --- [           main] c.e.taskmanager.unit.TaskRepositoryTest  : Starting TaskRepositoryTest using Java 17.0.17 with PID 26032 (started by dennis.schock in C:\Users\dennis.schock\source\repos\Test3)
2025-11-27T17:02:22.814+01:00  INFO 26032 --- [           main] c.e.taskmanager.unit.TaskRepositoryTest  : No active profile set, falling back to 1 default profile: "default"
2025-11-27T17:02:23.137+01:00  INFO 26032 --- [           main] .s.d.r.c.RepositoryConfigurationDelegate : Bootstrapping Spring Data JPA repositories in DEFAULT mode.
2025-11-27T17:02:23.161+01:00  INFO 26032 --- [           main] .s.d.r.c.RepositoryConfigurationDelegate : Finished Spring Data repository scanning in 23 ms. Found 1 JPA repository interface.
2025-11-27T17:02:23.205+01:00  INFO 26032 --- [           main] beddedDataSourceBeanFactoryPostProcessor : Replacing 'dataSource' DataSource bean with embedded version
2025-11-27T17:02:23.311+01:00  INFO 26032 --- [           main] o.s.j.d.e.EmbeddedDatabaseFactory        : Starting embedded database: url='jdbc:h2:mem:e0700d16-9dc5-4497-bfe9-5c749675d23a;DB_CLOSE_DELAY=-1;DB_CLOSE_ON_EXIT=false', username='sa'
2025-11-27T17:02:23.404+01:00  INFO 26032 --- [           main] o.hibernate.jpa.internal.util.LogHelper  : HHH000204: Processing PersistenceUnitInfo [name: default]
2025-11-27T17:02:23.412+01:00  INFO 26032 --- [           main] o.h.c.internal.RegionFactoryInitiator    : HHH000026: Second-level cache disabled
2025-11-27T17:02:23.421+01:00  INFO 26032 --- [           main] o.s.o.j.p.SpringPersistenceUnitInfo      : No LoadTimeWeaver setup: ignoring JPA class transformer
2025-11-27T17:02:23.512+01:00  INFO 26032 --- [           main] o.h.e.t.j.p.i.JtaPlatformInitiator       : HHH000489: No JTA platform available (set 'hibernate.transaction.jta.platform' to enable JTA platform integration)
Hibernate: drop table if exists tasks cascade 
Hibernate: create table tasks (due_date date, created_at timestamp(6), id bigint generated by default as identity, updated_at timestamp(6), status varchar(20) not null check (status in ('TODO','IN_PROGRESS','DONE')), title varchar(100) not null, description varchar(500), primary key (id))
Hibernate: create index idx_status on tasks (status)
Hibernate: create index idx_due_date on tasks (due_date)
2025-11-27T17:02:23.528+01:00  INFO 26032 --- [           main] j.LocalContainerEntityManagerFactoryBean : Initialized JPA EntityManagerFactory for persistence unit 'default'
2025-11-27T17:02:23.681+01:00  INFO 26032 --- [           main] c.e.taskmanager.unit.TaskRepositoryTest  : Started TaskRepositoryTest in 0.938 seconds (process running for 37.016)
Hibernate: select t1_0.id,t1_0.created_at,t1_0.description,t1_0.due_date,t1_0.status,t1_0.title,t1_0.updated_at from tasks t1_0
Hibernate: insert into tasks (created_at,description,due_date,status,title,updated_at,id) values (?,?,?,?,?,?,default)
Hibernate: select t1_0.id from tasks t1_0 where upper(t1_0.title)=upper(?) fetch first ? rows only
Hibernate: select t1_0.id from tasks t1_0 where upper(t1_0.title)=upper(?) fetch first ? rows only
Hibernate: select t1_0.id from tasks t1_0 where upper(t1_0.title)=upper(?) fetch first ? rows only
Hibernate: select t1_0.id from tasks t1_0 where upper(t1_0.title)=upper(?) fetch first ? rows only
]]></system-out>
  </testcase>
  <testcase name="findAllOrderedByDueDate_shouldOrderCorrectly" classname="com.example.taskmanager.unit.TaskRepositoryTest" time="0.126">
    <system-out><![CDATA[Hibernate: select t1_0.id,t1_0.created_at,t1_0.description,t1_0.due_date,t1_0.status,t1_0.title,t1_0.updated_at from tasks t1_0
Hibernate: insert into tasks (created_at,description,due_date,status,title,updated_at,id) values (?,?,?,?,?,?,default)
Hibernate: insert into tasks (created_at,description,due_date,status,title,updated_at,id) values (?,?,?,?,?,?,default)
Hibernate: insert into tasks (created_at,description,due_date,status,title,updated_at,id) values (?,?,?,?,?,?,default)
Hibernate: select t1_0.id,t1_0.created_at,t1_0.description,t1_0.due_date,t1_0.status,t1_0.title,t1_0.updated_at from tasks t1_0 order by case when t1_0.due_date is null then 1 else 0 end,t1_0.due_date
]]></system-out>
  </testcase>
  <testcase name="findByDueDate_shouldReturnTasksWithExactDate" classname="com.example.taskmanager.unit.TaskRepositoryTest" time="0.09">
    <system-out><![CDATA[Hibernate: select t1_0.id,t1_0.created_at,t1_0.description,t1_0.due_date,t1_0.status,t1_0.title,t1_0.updated_at from tasks t1_0
Hibernate: insert into tasks (created_at,description,due_date,status,title,updated_at,id) values (?,?,?,?,?,?,default)
Hibernate: insert into tasks (created_at,description,due_date,status,title,updated_at,id) values (?,?,?,?,?,?,default)
Hibernate: select t1_0.id,t1_0.created_at,t1_0.description,t1_0.due_date,t1_0.status,t1_0.title,t1_0.updated_at from tasks t1_0 where t1_0.due_date=?
]]></system-out>
  </testcase>
  <testcase name="findByDueDateBeforeAndStatusNot_shouldReturnOverdueTasks" classname="com.example.taskmanager.unit.TaskRepositoryTest" time="0.07">
    <system-out><![CDATA[Hibernate: select t1_0.id,t1_0.created_at,t1_0.description,t1_0.due_date,t1_0.status,t1_0.title,t1_0.updated_at from tasks t1_0
Hibernate: insert into tasks (created_at,description,due_date,status,title,updated_at,id) values (?,?,?,?,?,?,default)
Hibernate: insert into tasks (created_at,description,due_date,status,title,updated_at,id) values (?,?,?,?,?,?,default)
Hibernate: insert into tasks (created_at,description,due_date,status,title,updated_at,id) values (?,?,?,?,?,?,default)
Hibernate: select t1_0.id,t1_0.created_at,t1_0.description,t1_0.due_date,t1_0.status,t1_0.title,t1_0.updated_at from tasks t1_0 where t1_0.due_date<? and t1_0.status!=?
]]></system-out>
  </testcase>
  <testcase name="countByStatus_shouldReturnCorrectCount" classname="com.example.taskmanager.unit.TaskRepositoryTest" time="0.085">
    <system-out><![CDATA[Hibernate: select t1_0.id,t1_0.created_at,t1_0.description,t1_0.due_date,t1_0.status,t1_0.title,t1_0.updated_at from tasks t1_0
Hibernate: insert into tasks (created_at,description,due_date,status,title,updated_at,id) values (?,?,?,?,?,?,default)
Hibernate: insert into tasks (created_at,description,due_date,status,title,updated_at,id) values (?,?,?,?,?,?,default)
Hibernate: insert into tasks (created_at,description,due_date,status,title,updated_at,id) values (?,?,?,?,?,?,default)
Hibernate: select count(t1_0.id) from tasks t1_0 where t1_0.status=?
Hibernate: select count(t1_0.id) from tasks t1_0 where t1_0.status=?
Hibernate: select count(t1_0.id) from tasks t1_0 where t1_0.status=?
]]></system-out>
  </testcase>
  <testcase name="findByTitleContainingIgnoreCase_shouldReturnMatchingTasks" classname="com.example.taskmanager.unit.TaskRepositoryTest" time="0.067">
    <system-out><![CDATA[Hibernate: select t1_0.id,t1_0.created_at,t1_0.description,t1_0.due_date,t1_0.status,t1_0.title,t1_0.updated_at from tasks t1_0
Hibernate: insert into tasks (created_at,description,due_date,status,title,updated_at,id) values (?,?,?,?,?,?,default)
Hibernate: insert into tasks (created_at,description,due_date,status,title,updated_at,id) values (?,?,?,?,?,?,default)
Hibernate: insert into tasks (created_at,description,due_date,status,title,updated_at,id) values (?,?,?,?,?,?,default)
Hibernate: select t1_0.id,t1_0.created_at,t1_0.description,t1_0.due_date,t1_0.status,t1_0.title,t1_0.updated_at from tasks t1_0 where upper(t1_0.title) like upper(?) escape '\'
]]></system-out>
  </testcase>
  <testcase name="findByStatus_shouldReturnTasksWithMatchingStatus" classname="com.example.taskmanager.unit.TaskRepositoryTest" time="0.042">
    <system-out><![CDATA[Hibernate: select t1_0.id,t1_0.created_at,t1_0.description,t1_0.due_date,t1_0.status,t1_0.title,t1_0.updated_at from tasks t1_0
Hibernate: insert into tasks (created_at,description,due_date,status,title,updated_at,id) values (?,?,?,?,?,?,default)
Hibernate: insert into tasks (created_at,description,due_date,status,title,updated_at,id) values (?,?,?,?,?,?,default)
Hibernate: select t1_0.id,t1_0.created_at,t1_0.description,t1_0.due_date,t1_0.status,t1_0.title,t1_0.updated_at from tasks t1_0 where t1_0.status=?
]]></system-out>
  </testcase>
</testsuite>