<?xml version="1.0" encoding="UTF-8"?>
<testsuite xmlns:xsi="http://www.w3.org/2001/XMLSchema-instance" xsi:noNamespaceSchemaLocation="https://maven.apache.org/surefire/maven-failsafe-plugin/xsd/failsafe-test-report-3.0.xsd" version="3.0" name="com.example.taskmanager.integration.TaskControllerEnhancedIT" time="28.496" tests="10" errors="0" skipped="0" failures="0">
  <properties>
[...]
</properties>
  <testcase name="createTask_withTitleTooLong_shouldFail" classname="com.example.taskmanager.integration.TaskControllerEnhancedIT" time="3.959">
    <system-out><![CDATA[17:02:37.752 [main] INFO org.springframework.test.context.support.AnnotationConfigContextLoaderUtils -- Could not detect default configuration classes for test class [com.example.taskmanager.integration.TaskControllerEnhancedIT]: TaskControllerEnhancedIT does not declare any static, non-private, non-final, nested classes annotated with @Configuration.
17:02:38.405 [main] INFO org.springframework.boot.test.context.SpringBootTestContextBootstrapper -- Found @SpringBootConfiguration com.example.taskmanager.TaskManagerApplication for test class com.example.taskmanager.integration.TaskControllerEnhancedIT

  .   ____          _            __ _ _
 /\\ / ___'_ __ _ _(_)_ __  __ _ \ \ \ \
( ( )\___ | '_ | '_| | '_ \/ _` | \ \ \ \
 \\/  ___)| |_)| | | | | || (_| |  ) ) ) )
  '  |____| .__|_| |_|_| |_\__, | / / / /
 =========|_|==============|___/=/_/_/_/
 :: Spring Boot ::                (v3.2.0)

2025-11-27T17:02:40.801+01:00  INFO 23244 --- [           main] c.e.t.i.TaskControllerEnhancedIT         : Starting TaskControllerEnhancedIT using Java 17.0.17 with PID 23244 (started by dennis.schock in C:\Users\dennis.schock\source\repos\Test3)
2025-11-27T17:02:40.807+01:00  INFO 23244 --- [           main] c.e.t.i.TaskControllerEnhancedIT         : No active profile set, falling back to 1 default profile: "default"
2025-11-27T17:02:44.831+01:00  INFO 23244 --- [           main] .s.d.r.c.RepositoryConfigurationDelegate : Bootstrapping Spring Data JPA repositories in DEFAULT mode.
2025-11-27T17:02:45.067+01:00  INFO 23244 --- [           main] .s.d.r.c.RepositoryConfigurationDelegate : Finished Spring Data repository scanning in 191 ms. Found 1 JPA repository interface.
2025-11-27T17:02:47.509+01:00  INFO 23244 --- [           main] o.s.b.w.embedded.tomcat.TomcatWebServer  : Tomcat initialized with port 0 (http)
2025-11-27T17:02:47.545+01:00  INFO 23244 --- [           main] o.apache.catalina.core.StandardService   : Starting service [Tomcat]
2025-11-27T17:02:47.546+01:00  INFO 23244 --- [           main] o.apache.catalina.core.StandardEngine    : Starting Servlet engine: [Apache Tomcat/10.1.16]
2025-11-27T17:02:47.843+01:00  INFO 23244 --- [           main] o.a.c.c.C.[Tomcat].[localhost].[/]       : Initializing Spring embedded WebApplicationContext
2025-11-27T17:02:47.847+01:00  INFO 23244 --- [           main] w.s.c.ServletWebServerApplicationContext : Root WebApplicationContext: initialization completed in 6936 ms
2025-11-27T17:02:48.327+01:00  INFO 23244 --- [           main] com.zaxxer.hikari.HikariDataSource       : HikariPool-1 - Starting...
2025-11-27T17:02:49.390+01:00  INFO 23244 --- [           main] com.zaxxer.hikari.pool.HikariPool        : HikariPool-1 - Added connection conn0: url=jdbc:h2:mem:c91069fe-002e-4595-9fc0-6c3d946db41c user=SA
2025-11-27T17:02:49.398+01:00  INFO 23244 --- [           main] com.zaxxer.hikari.HikariDataSource       : HikariPool-1 - Start completed.
2025-11-27T17:02:49.603+01:00  INFO 23244 --- [           main] o.hibernate.jpa.internal.util.LogHelper  : HHH000204: Processing PersistenceUnitInfo [name: default]
2025-11-27T17:02:49.941+01:00  INFO 23244 --- [           main] org.hibernate.Version                    : HHH000412: Hibernate ORM core version 6.3.1.Final
2025-11-27T17:02:50.125+01:00  INFO 23244 --- [           main] o.h.c.internal.RegionFactoryInitiator    : HHH000026: Second-level cache disabled
2025-11-27T17:02:51.008+01:00  INFO 23244 --- [           main] o.s.o.j.p.SpringPersistenceUnitInfo      : No LoadTimeWeaver setup: ignoring JPA class transformer
2025-11-27T17:02:54.564+01:00  INFO 23244 --- [           main] o.h.e.t.j.p.i.JtaPlatformInitiator       : HHH000489: No JTA platform available (set 'hibernate.transaction.jta.platform' to enable JTA platform integration)
2025-11-27T17:02:54.746+01:00  INFO 23244 --- [           main] j.LocalContainerEntityManagerFactoryBean : Initialized JPA EntityManagerFactory for persistence unit 'default'
2025-11-27T17:02:54.762+01:00  WARN 23244 --- [           main] c.example.taskmanager.config.CorsConfig  : No CORS origins configured. Using permissive settings for development.
2025-11-27T17:02:55.636+01:00  INFO 23244 --- [           main] o.s.d.j.r.query.QueryEnhancerFactory     : Hibernate is in classpath; If applicable, HQL parser will be used.
2025-11-27T17:02:57.742+01:00  WARN 23244 --- [           main] JpaBaseConfiguration$JpaWebConfiguration : spring.jpa.open-in-view is enabled by default. Therefore, database queries may be performed during view rendering. Explicitly configure spring.jpa.open-in-view to disable this warning
2025-11-27T17:02:57.869+01:00  WARN 23244 --- [           main] c.example.taskmanager.config.CorsConfig  : Applied permissive CORS for /api/** (development only - no credentials)
2025-11-27T17:03:00.311+01:00  INFO 23244 --- [           main] o.s.b.w.embedded.tomcat.TomcatWebServer  : Tomcat started on port 52964 (http) with context path ''
2025-11-27T17:03:00.330+01:00  INFO 23244 --- [           main] c.e.t.i.TaskControllerEnhancedIT         : Started TaskControllerEnhancedIT in 20.933 seconds (process running for 26.637)
2025-11-27T17:03:03.698+01:00  INFO 23244 --- [o-auto-1-exec-2] o.a.c.c.C.[Tomcat].[localhost].[/]       : Initializing Spring DispatcherServlet 'dispatcherServlet'
2025-11-27T17:03:03.698+01:00  INFO 23244 --- [o-auto-1-exec-2] o.s.web.servlet.DispatcherServlet        : Initializing Servlet 'dispatcherServlet'
2025-11-27T17:03:03.698+01:00  INFO 23244 --- [o-auto-1-exec-2] o.s.web.servlet.DispatcherServlet        : Completed initialization in 0 ms
2025-11-27T17:03:04.164+01:00 ERROR 23244 --- [o-auto-1-exec-2] c.e.t.controller.GlobalExceptionHandler  : Validation error: Validation failed for argument [0] in public org.springframework.http.ResponseEntity<com.example.taskmanager.model.Task> com.example.taskmanager.controller.TaskController.create(com.example.taskmanager.model.Task): [Field error in object 'task' on field 'title': rejected value [AAAAAAAAAAAAAAAAAAAAAAAAAAAAAAAAAAAAAAAAAAAAAAAAAAAAAAAAAAAAAAAAAAAAAAAAAAAAAAAAAAAAAAAAAAAAAAAAAAAAA]; codes [Size.task.title,Size.title,Size.java.lang.String,Size]; arguments [org.springframework.context.support.DefaultMessageSourceResolvable: codes [task.title,title]; arguments []; default message [title],100,0]; default message [Title must be at most 100 characters]] 
]]></system-out>
  </testcase>
  <testcase name="createTask_withDescriptionTooLong_shouldFail" classname="com.example.taskmanager.integration.TaskControllerEnhancedIT" time="0.031">
    <system-out><![CDATA[2025-11-27T17:03:04.370+01:00 ERROR 23244 --- [o-auto-1-exec-1] c.e.t.controller.GlobalExceptionHandler  : Validation error: Validation failed for argument [0] in public org.springframework.http.ResponseEntity<com.example.taskmanager.model.Task> com.example.taskmanager.controller.TaskController.create(com.example.taskmanager.model.Task): [Field error in object 'task' on field 'description': rejected value [DDDDDDDDDDDDDDDDDDDDDDDDDDDDDDDDDDDDDDDDDDDDDDDDDDDDDDDDDDDDDDDDDDDDDDDDDDDDDDDDDDDDDDDDDDDDDDDDDDDDDDDDDDDDDDDDDDDDDDDDDDDDDDDDDDDDDDDDDDDDDDDDDDDDDDDDDDDDDDDDDDDDDDDDDDDDDDDDDDDDDDDDDDDDDDDDDDDDDDDDDDDDDDDDDDDDDDDDDDDDDDDDDDDDDDDDDDDDDDDDDDDDDDDDDDDDDDDDDDDDDDDDDDDDDDDDDDDDDDDDDDDDDDDDDDDDDDDDDDDDDDDDDDDDDDDDDDDDDDDDDDDDDDDDDDDDDDDDDDDDDDDDDDDDDDDDDDDDDDDDDDDDDDDDDDDDDDDDDDDDDDDDDDDDDDDDDDDDDDDDDDDDDDDDDDDDDDDDDDDDDDDDDDDDDDDDDDDDDDDDDDDDDDDDDDDDDDDDDDDDDDDDDDDDDDDDDDDDDDDDDDDDDDDDDDDDDDDDDDDDD]; codes [Size.task.description,Size.description,Size.java.lang.String,Size]; arguments [org.springframework.context.support.DefaultMessageSourceResolvable: codes [task.description,description]; arguments []; default message [description],500,0]; default message [Description must be at most 500 characters]] 
]]></system-out>
  </testcase>
  <testcase name="updateTask_withPartialData_shouldUpdateOnlyProvidedFields" classname="com.example.taskmanager.integration.TaskControllerEnhancedIT" time="0.351">
    <system-out><![CDATA[2025-11-27T17:03:04.583+01:00  INFO 23244 --- [o-auto-1-exec-4] c.e.t.controller.TaskController          : PUT /api/tasks/1
2025-11-27T17:03:04.585+01:00  INFO 23244 --- [o-auto-1-exec-4] c.e.taskmanager.service.TaskService      : Updating task with id: 1
]]></system-out>
  </testcase>
  <testcase name="createTask_withNullTitle_shouldFail" classname="com.example.taskmanager.integration.TaskControllerEnhancedIT" time="0.048">
    <system-out><![CDATA[2025-11-27T17:03:04.769+01:00 ERROR 23244 --- [o-auto-1-exec-3] c.e.t.controller.GlobalExceptionHandler  : Validation error: Validation failed for argument [0] in public org.springframework.http.ResponseEntity<com.example.taskmanager.model.Task> com.example.taskmanager.controller.TaskController.create(com.example.taskmanager.model.Task): [Field error in object 'task' on field 'title': rejected value [null]; codes [NotBlank.task.title,NotBlank.title,NotBlank.java.lang.String,NotBlank]; arguments [org.springframework.context.support.DefaultMessageSourceResolvable: codes [task.title,title]; arguments []; default message [title]]; default message [Title is required]] 
]]></system-out>
  </testcase>
  <testcase name="filterByStatus_withMultipleStatuses_shouldReturnCorrectTasks" classname="com.example.taskmanager.integration.TaskControllerEnhancedIT" time="0.199">
    <system-out><![CDATA[2025-11-27T17:03:04.859+01:00  INFO 23244 --- [o-auto-1-exec-5] c.e.t.controller.TaskController          : GET /api/tasks - status filter: TODO
2025-11-27T17:03:04.953+01:00  INFO 23244 --- [o-auto-1-exec-6] c.e.t.controller.TaskController          : GET /api/tasks - status filter: IN_PROGRESS
2025-11-27T17:03:04.969+01:00  INFO 23244 --- [o-auto-1-exec-7] c.e.t.controller.TaskController          : GET /api/tasks - status filter: DONE
]]></system-out>
  </testcase>
  <testcase name="updateTaskStatus_shouldUpdateStatusOnly" classname="com.example.taskmanager.integration.TaskControllerEnhancedIT" time="0.096">
    <system-out><![CDATA[2025-11-27T17:03:05.049+01:00  INFO 23244 --- [o-auto-1-exec-8] c.e.t.controller.TaskController          : PATCH /api/tasks/5/status - new status: IN_PROGRESS
2025-11-27T17:03:05.049+01:00  INFO 23244 --- [o-auto-1-exec-8] c.e.taskmanager.service.TaskService      : Updating task 5 status to IN_PROGRESS
]]></system-out>
  </testcase>
  <testcase name="deleteNonExistentTask_shouldReturn404" classname="com.example.taskmanager.integration.TaskControllerEnhancedIT" time="0.046">
    <system-out><![CDATA[2025-11-27T17:03:05.112+01:00  INFO 23244 --- [o-auto-1-exec-9] c.e.t.controller.TaskController          : DELETE /api/tasks/9999
2025-11-27T17:03:05.112+01:00  INFO 23244 --- [o-auto-1-exec-9] c.e.taskmanager.service.TaskService      : Deleting task with id: 9999
2025-11-27T17:03:05.117+01:00 ERROR 23244 --- [o-auto-1-exec-9] c.e.t.controller.GlobalExceptionHandler  : Resource not found: Task not found with id: 9999
]]></system-out>
  </testcase>
  <testcase name="getOverdueTasks_shouldReturnOnlyOverdueTasks" classname="com.example.taskmanager.integration.TaskControllerEnhancedIT" time="0.076">
    <system-out><![CDATA[2025-11-27T17:03:05.173+01:00  INFO 23244 --- [-auto-1-exec-10] c.e.t.controller.TaskController          : GET /api/tasks/overdue
]]></system-out>
  </testcase>
  <testcase name="createTask_withMinimalData_shouldSucceed" classname="com.example.taskmanager.integration.TaskControllerEnhancedIT" time="0.06">
    <system-out><![CDATA[2025-11-27T17:03:05.236+01:00  INFO 23244 --- [o-auto-1-exec-2] c.e.t.controller.TaskController          : POST /api/tasks - title: Minimal Task
2025-11-27T17:03:05.236+01:00  INFO 23244 --- [o-auto-1-exec-2] c.e.taskmanager.service.TaskService      : Creating new task: Minimal Task
]]></system-out>
  </testcase>
  <testcase name="updateNonExistentTask_shouldReturn404" classname="com.example.taskmanager.integration.TaskControllerEnhancedIT" time="0.048">
    <system-out><![CDATA[2025-11-27T17:03:05.295+01:00  INFO 23244 --- [o-auto-1-exec-1] c.e.t.controller.TaskController          : PUT /api/tasks/9999
2025-11-27T17:03:05.295+01:00  INFO 23244 --- [o-auto-1-exec-1] c.e.taskmanager.service.TaskService      : Updating task with id: 9999
2025-11-27T17:03:05.295+01:00 ERROR 23244 --- [o-auto-1-exec-1] c.e.t.controller.GlobalExceptionHandler  : Resource not found: Task not found with id: 9999
]]></system-out>
  </testcase>
</testsuite>